# JRE version: Java(TM) SE Runtime Environment (17.0.12+8) (build 17.0.12+8-LTS-286)
# Java VM: Java HotSpot(TM) 64-Bit Server VM (17.0.12+8-LTS-286, mixed mode, sharing, tiered, compressed oops, compressed class ptrs, g1 gc, windows-amd64)
GC Precious Log:
 CPUs: 12 total, 12 available
 Memory: 7835M
 Large Page Support: Disabled
 NUMA Support: Disabled
 Compressed Oops: Enabled (32-bit)
 Heap Region Size: 1M
 Heap Min Capacity: 8M
 Heap Initial Capacity: 124M
 Heap Max Capacity: 1960M
 Pre-touch: Disabled
 Parallel Workers: 10
 Concurrent Workers: 3
 Concurrent Refinement Workers: 10
 Periodic GC: Disabled
Heap:
 garbage-first heap   total 199680K, used 178688K [0x0000000085800000, 0x0000000100000000)
  region size 1024K, 2 young (2048K), 2 survivors (2048K)
 Metaspace       used 9832K, committed 10048K, reserved 1114112K
  class space    used 998K, committed 1088K, reserved 1048576K
GC Heap History (13 events):
Event: 0.575 GC heap before
{Heap before GC invocations=0 (full 0):
 garbage-first heap   total 126976K, used 34816K [0x0000000085800000, 0x0000000100000000)
  region size 1024K, 23 young (23552K), 0 survivors (0K)
 Metaspace       used 8185K, committed 8384K, reserved 1114112K
  class space    used 913K, committed 1024K, reserved 1048576K
}
Event: 0.581 GC heap after
{Heap after GC invocations=1 (full 0):
 garbage-first heap   total 126976K, used 14930K [0x0000000085800000, 0x0000000100000000)
  region size 1024K, 3 young (3072K), 3 survivors (3072K)
 Metaspace       used 8185K, committed 8384K, reserved 1114112K
  class space    used 913K, committed 1024K, reserved 1048576K
}
Event: 0.727 GC heap before
{Heap before GC invocations=1 (full 0):
 garbage-first heap   total 126976K, used 53842K [0x0000000085800000, 0x0000000100000000)
  region size 1024K, 37 young (37888K), 3 survivors (3072K)
 Metaspace       used 9832K, committed 10048K, reserved 1114112K
  class space    used 998K, committed 1088K, reserved 1048576K
}
Event: 0.735 GC heap after
{Heap after GC invocations=2 (full 0):
 garbage-first heap   total 126976K, used 22335K [0x0000000085800000, 0x0000000100000000)
  region size 1024K, 5 young (5120K), 5 survivors (5120K)
 Metaspace       used 9832K, committed 10048K, reserved 1114112K
  class space    used 998K, committed 1088K, reserved 1048576K
}
Event: 0.792 GC heap before
{Heap before GC invocations=2 (full 0):
 garbage-first heap   total 126976K, used 116543K [0x0000000085800000, 0x0000000100000000)
  region size 1024K, 65 young (66560K), 5 survivors (5120K)
 Metaspace       used 9832K, committed 10048K, reserved 1114112K
  class space    used 998K, committed 1088K, reserved 1048576K
}
Event: 0.857 GC heap after
{Heap after GC invocations=3 (full 0):
 garbage-first heap   total 184320K, used 116847K [0x0000000085800000, 0x0000000100000000)
  region size 1024K, 10 young (10240K), 10 survivors (10240K)
 Metaspace       used 9832K, committed 10048K, reserved 1114112K
  class space    used 998K, committed 1088K, reserved 1048576K
}
Event: 0.868 GC heap before
{Heap before GC invocations=3 (full 0):
 garbage-first heap   total 184320K, used 134255K [0x0000000085800000, 0x0000000100000000)
  region size 1024K, 11 young (11264K), 10 survivors (10240K)
 Metaspace       used 9832K, committed 10048K, reserved 1114112K
  class space    used 998K, committed 1088K, reserved 1048576K
}
Event: 0.880 GC heap after
{Heap after GC invocations=4 (full 0):
 garbage-first heap   total 184320K, used 135738K [0x0000000085800000, 0x0000000100000000)
  region size 1024K, 2 young (2048K), 2 survivors (2048K)
 Metaspace       used 9832K, committed 10048K, reserved 1114112K
  class space    used 998K, committed 1088K, reserved 1048576K
}
Event: 0.887 GC heap before
{Heap before GC invocations=5 (full 0):
 garbage-first heap   total 199680K, used 120378K [0x0000000085800000, 0x0000000100000000)
  region size 1024K, 10 young (10240K), 2 survivors (2048K)
 Metaspace       used 9832K, committed 10048K, reserved 1114112K
  class space    used 998K, committed 1088K, reserved 1048576K
}
Event: 0.894 GC heap after
{Heap after GC invocations=6 (full 0):
 garbage-first heap   total 199680K, used 121344K [0x0000000085800000, 0x0000000100000000)
  region size 1024K, 2 young (2048K), 2 survivors (2048K)
 Metaspace       used 9832K, committed 10048K, reserved 1114112K
  class space    used 998K, committed 1088K, reserved 1048576K
}
Event: 0.904 GC heap before
{Heap before GC invocations=6 (full 0):
 garbage-first heap   total 199680K, used 140800K [0x0000000085800000, 0x0000000100000000)
  region size 1024K, 21 young (21504K), 2 survivors (2048K)
 Metaspace       used 9832K, committed 10048K, reserved 1114112K
  class space    used 998K, committed 1088K, reserved 1048576K
}
Event: 0.913 GC heap after
{Heap after GC invocations=7 (full 0):
 garbage-first heap   total 199680K, used 141640K [0x0000000085800000, 0x0000000100000000)
  region size 1024K, 3 young (3072K), 3 survivors (3072K)
 Metaspace       used 9832K, committed 10048K, reserved 1114112K
  class space    used 998K, committed 1088K, reserved 1048576K
}
Event: 0.938 GC heap before
{Heap before GC invocations=7 (full 0):
 garbage-first heap   total 199680K, used 177480K [0x0000000085800000, 0x0000000100000000)
  region size 1024K, 14 young (14336K), 3 survivors (3072K)
 Metaspace       used 9832K, committed 10048K, reserved 1114112K
  class space    used 998K, committed 1088K, reserved 1048576K
}

